2024-10-19 14:16:24,818 - INFO -              Port scanner                 
2024-10-19 14:16:24,818 - INFO - App started
2024-10-19 14:16:24,818 - INFO - App class initialized
2024-10-19 14:16:24,818 - INFO - IP class initialized
2024-10-19 14:16:24,819 - INFO - Task class initialized
2024-10-19 14:16:24,819 - INFO - Port class initialized
2024-10-19 14:16:24,819 - INFO - Keyboard class initialized
2024-10-19 14:16:24,819 - INFO - Button class initialized
2024-10-19 14:16:24,819 - INFO - Terminal class initialized
2024-10-19 14:16:24,960 - INFO - App initialized
2024-10-19 14:16:25,950 - INFO - Started task 'get all ip'
2024-10-19 14:16:25,951 - INFO - Started task 'get IP v4'
2024-10-19 14:16:25,952 - INFO - Finished task 'get IP v4'
2024-10-19 14:16:25,952 - INFO - Started task 'get IP v6'
2024-10-19 14:16:25,953 - INFO - Finished task 'get IP v6'
2024-10-19 14:16:25,953 - INFO - Finished task 'get all ip'
2024-10-19 14:16:34,427 - INFO - App class deinitialized
2024-10-19 14:16:34,428 - INFO - IP class deinitialized
2024-10-19 14:16:34,428 - INFO - Task class deinitialized
2024-10-19 14:16:34,428 - INFO - Port class deinitialized
2024-10-19 14:16:34,428 - INFO - Keyboard class deinitialized
2024-10-19 14:16:34,428 - INFO - Button class deinitialized
2024-10-19 14:16:34,428 - INFO - Terminal class deinitialized
2024-10-19 14:16:34,428 - INFO - App is closed
